<?xml version="1.0" encoding="UTF-8"?>
<!-- Generated by org.testng.reporters.JUnitReportReporter -->
<testsuite hostname="DESKTOP-KJQ2J7E" failures="0" tests="6" name="testRunner.testRunner" time="175.650" errors="0" timestamp="2021-05-26T15:33:01 IST" skipped="0">
  <testcase classname="testRunner.testRunner" name="runScenario" time="21.722"/>
  <system-out/>
  <testcase classname="testRunner.testRunner" name="runScenario" time="28.529"/>
  <system-out/>
  <testcase classname="testRunner.testRunner" name="runScenario" time="28.521"/>
  <system-out/>
  <testcase classname="testRunner.testRunner" name="runScenario" time="30.323"/>
  <system-out/>
  <testcase classname="testRunner.testRunner" name="runScenario" time="24.266"/>
  <system-out/>
  <testcase classname="testRunner.testRunner" name="runScenario" time="42.289"/>
  <system-out/>
</testsuite> <!-- testRunner.testRunner -->
